<?xml version="1.0" encoding="UTF-8"?>
<!-- Generated by org.testng.reporters.JUnitReportReporter -->
<testsuite hostname="DESKTOP-26MB2UD" failures="0" tests="1" name="Prashant.AboutUsHomepg" time="6.889" errors="0" timestamp="2022-01-14T15:13:29 IST" skipped="0">
  <testcase classname="Prashant.AboutUsHomepg" name="MainHomePage" time="6.889"/>
  <system-out/>
</testsuite> <!-- Prashant.AboutUsHomepg -->
