<?xml version="1.0" encoding="UTF-8"?>
<!-- Generated by org.testng.reporters.JUnitReportReporter -->
<testsuite hostname="DESKTOP-26MB2UD" failures="0" tests="1" name="Prashant.ContactUsHomepg" time="15.511" errors="0" timestamp="2022-01-14T19:49:04 IST" skipped="0">
  <testcase classname="Prashant.ContactUsHomepg" name="MainHomePage" time="15.511"/>
  <system-out/>
</testsuite> <!-- Prashant.ContactUsHomepg -->
