<?xml version="1.0" encoding="UTF-8"?>
<!-- Generated by org.testng.reporters.JUnitReportReporter -->
<testsuite hostname="DESKTOP-26MB2UD" failures="0" tests="1" name="Prashant.E_FeaturedHomepg" time="25.530" errors="0" timestamp="2022-01-17T15:12:11 IST" skipped="0">
  <testcase classname="Prashant.E_FeaturedHomepg" name="FeaturedTab" time="25.530"/>
  <system-out/>
</testsuite> <!-- Prashant.E_FeaturedHomepg -->
