<?xml version="1.0" encoding="UTF-8"?>
<!-- Generated by org.testng.reporters.JUnitReportReporter -->
<testsuite hostname="DESKTOP-26MB2UD" failures="0" tests="1" name="Prashant.J_CarRentalHomepg" time="9.702" errors="0" timestamp="2022-01-17T15:12:11 IST" skipped="0">
  <testcase classname="Prashant.J_CarRentalHomepg" name="CarRental" time="9.702"/>
  <system-out/>
</testsuite> <!-- Prashant.J_CarRentalHomepg -->
