<?xml version="1.0" encoding="UTF-8"?>
<!-- Generated by org.testng.reporters.JUnitReportReporter -->
<testsuite hostname="DESKTOP-26MB2UD" failures="0" tests="1" name="Prashant.G_AboutUsHomepg" time="8.491" errors="0" timestamp="2022-01-17T15:12:11 IST" skipped="0">
  <testcase classname="Prashant.G_AboutUsHomepg" name="AboutUsTab" time="8.491"/>
  <system-out/>
</testsuite> <!-- Prashant.G_AboutUsHomepg -->
