<?xml version="1.0" encoding="UTF-8"?>
<!-- Generated by org.testng.reporters.JUnitReportReporter -->
<testsuite hostname="Tronner" failures="0" tests="1" name="cucumberOption.TestRunnerTestng" time="6.378" errors="0" timestamp="2022-01-03T17:31:14 IST" skipped="0">
  <testcase classname="cucumberOption.TestRunnerTestng" name="runScenario" time="6.378"/>
  <system-out/>
</testsuite> <!-- cucumberOption.TestRunnerTestng -->
