<?xml version="1.0" encoding="UTF-8"?>
<!-- Generated by org.testng.reporters.JUnitReportReporter -->
<testsuite hostname="DESKTOP-26MB2UD" failures="0" tests="1" name="Prashant.C_LocalTabHomepg" time="9.372" errors="0" timestamp="2022-01-17T15:12:11 IST" skipped="0">
  <testcase classname="Prashant.C_LocalTabHomepg" name="LocalTab" time="9.372"/>
  <system-out/>
</testsuite> <!-- Prashant.C_LocalTabHomepg -->
