<?xml version="1.0" encoding="UTF-8"?>
<!-- Generated by org.testng.reporters.JUnitReportReporter -->
<testsuite hostname="DESKTOP-26MB2UD" failures="0" tests="1" name="Prashant.AirpotTabHomepg" time="17.646" errors="0" timestamp="2022-01-14T12:39:51 IST" skipped="0">
  <testcase classname="Prashant.AirpotTabHomepg" name="MainHomePage" time="17.646"/>
  <system-out/>
</testsuite> <!-- Prashant.AirpotTabHomepg -->
