<?xml version="1.0" encoding="UTF-8"?>
<!-- Generated by org.testng.reporters.JUnitReportReporter -->
<testsuite hostname="DESKTOP-26MB2UD" failures="0" tests="1" name="Prashant.BloggingHomepg" time="34.742" errors="0" timestamp="2022-01-14T19:32:29 IST" skipped="0">
  <testcase classname="Prashant.BloggingHomepg" name="MainHomePage" time="34.742"/>
  <system-out/>
</testsuite> <!-- Prashant.BloggingHomepg -->
