<?xml version="1.0" encoding="UTF-8"?>
<!-- Generated by org.testng.reporters.JUnitReportReporter -->
<testsuite hostname="DESKTOP-26MB2UD" failures="0" tests="1" name="Prashant.OutstationHomePg" time="11.563" errors="0" timestamp="2022-01-14T09:40:39 IST" skipped="0">
  <testcase classname="Prashant.OutstationHomePg" name="MainHomePage" time="11.563"/>
  <system-out/>
</testsuite> <!-- Prashant.OutstationHomePg -->
