<?xml version="1.0" encoding="UTF-8"?>
<!-- Generated by org.testng.reporters.JUnitReportReporter -->
<testsuite hostname="DESKTOP-26MB2UD" failures="0" tests="1" name="Prashant.FeaturedHomepg" time="23.473" errors="0" timestamp="2022-01-14T13:18:38 IST" skipped="0">
  <testcase classname="Prashant.FeaturedHomepg" name="MainHomePage" time="23.473"/>
  <system-out/>
</testsuite> <!-- Prashant.FeaturedHomepg -->
