<?xml version="1.0" encoding="UTF-8"?>
<!-- Generated by org.testng.reporters.JUnitReportReporter -->
<testsuite hostname="DESKTOP-26MB2UD" failures="0" tests="1" name="Prashant.SigninHomepg" time="7.002" errors="0" timestamp="2022-01-14T10:52:03 IST" skipped="0">
  <testcase classname="Prashant.SigninHomepg" name="MainHomePage" time="7.002"/>
  <system-out/>
</testsuite> <!-- Prashant.SigninHomepg -->
