<?xml version="1.0" encoding="UTF-8"?>
<!-- Generated by org.testng.reporters.JUnitReportReporter -->
<testsuite hostname="DESKTOP-26MB2UD" failures="0" tests="1" name="Prashant.H_BloggingHomepg" time="38.072" errors="0" timestamp="2022-01-17T15:12:11 IST" skipped="0">
  <testcase classname="Prashant.H_BloggingHomepg" name="Blogging_icon" time="38.072"/>
  <system-out/>
</testsuite> <!-- Prashant.H_BloggingHomepg -->
