<?xml version="1.0" encoding="UTF-8"?>
<!-- Generated by org.testng.reporters.JUnitReportReporter -->
<testsuite hostname="DESKTOP-26MB2UD" failures="0" tests="1" name="Prashant.OneWayCabHomepg" time="19.508" errors="0" timestamp="2022-01-15T09:57:37 IST" skipped="0">
  <testcase classname="Prashant.OneWayCabHomepg" name="MainHomePage" time="19.508"/>
  <system-out/>
</testsuite> <!-- Prashant.OneWayCabHomepg -->
