<?xml version="1.0" encoding="UTF-8"?>
<!-- Generated by org.testng.reporters.JUnitReportReporter -->
<testsuite hostname="DESKTOP-26MB2UD" failures="0" tests="1" name="Prashant.F_ContactUsHomepg" time="8.692" errors="0" timestamp="2022-01-17T15:12:11 IST" skipped="0">
  <testcase classname="Prashant.F_ContactUsHomepg" name="ContactUsTab" time="8.692"/>
  <system-out/>
</testsuite> <!-- Prashant.F_ContactUsHomepg -->
