<?xml version="1.0" encoding="UTF-8"?>
<!-- Generated by org.testng.reporters.JUnitReportReporter -->
<testsuite hostname="DESKTOP-26MB2UD" failures="0" tests="1" name="Prashant.LocalTabHomepg" time="10.160" errors="0" timestamp="2022-01-14T10:43:21 IST" skipped="0">
  <testcase classname="Prashant.LocalTabHomepg" name="MainHomePage" time="10.160"/>
  <system-out/>
</testsuite> <!-- Prashant.LocalTabHomepg -->
